2024-04-25 20:12:28,314 - INFO - ***************** RUN TRAIN&VALID MODEL: `MgRL_CE`, DATASET: `lob` ! *****************
2024-04-25 20:12:28,314 - INFO - ***************** In device cuda   *****************
2024-04-25 20:12:28,314 - INFO - ***************** BEGIN MAKE DATASET & DATALOADER of `lob` ! *****************
2024-04-25 20:12:28,314 - INFO - ||| time_steps = 5, batch size = 8192 |||
2024-04-25 20:12:28,314 - INFO - **** TRAINING DATASET & DATALOADER ****
2024-04-25 20:12:28,314 - INFO - **** TRAINING DATASET & DATALOADER ****
2024-04-25 20:12:36,544 - INFO - **** VALID DATASET & DATALOADER ****
2024-04-25 20:12:38,533 - INFO - ***************** DATASET MAKE OVER ! *****************
2024-04-25 20:12:38,533 - INFO - Train dataset: length = 38640
2024-04-25 20:12:38,533 - INFO - Valid dataset: length = 8880
2024-04-25 20:12:38,533 - INFO - ***************** BEGIN BUILD UP THE MODEL `MgRL_CE`! *****************
2024-04-25 20:12:39,928 - INFO - ***************** BEGIN TRAINING AND VALID THE MODEL `MgRL_CE` ! *****************
2024-04-25 20:12:58,303 - INFO - Epoch 1/100, Duration: 0:00:18.369447, ['train_loss:76.9539 ', 'valid_loss:77.7201 ', 'train_R2:0.0007 ', 'valid_R2:0.0023 ', 'train_CORR:0.2741 ', 'valid_CORR:0.4479 ', 'train_RMSE:5.8500 ', 'valid_RMSE:5.5309 ', 'train_MAE:4.2626 ', 'valid_MAE:4.0366 ']
2024-04-25 20:13:18,291 - INFO - Epoch 2/100, Duration: 0:00:19.986848, ['train_loss:63.6539 ', 'valid_loss:68.0441 ', 'train_R2:0.0036 ', 'valid_R2:0.0064 ', 'train_CORR:0.3696 ', 'valid_CORR:0.3457 ', 'train_RMSE:5.8415 ', 'valid_RMSE:5.5195 ', 'train_MAE:4.2554 ', 'valid_MAE:4.0272 ']
2024-04-25 20:13:40,215 - INFO - Epoch 3/100, Duration: 0:00:21.923519, ['train_loss:56.6671 ', 'valid_loss:62.2135 ', 'train_R2:0.0121 ', 'valid_R2:0.0317 ', 'train_CORR:0.3040 ', 'valid_CORR:0.3608 ', 'train_RMSE:5.8166 ', 'valid_RMSE:5.4487 ', 'train_MAE:4.2335 ', 'valid_MAE:3.9663 ']
2024-04-25 20:14:00,800 - INFO - Epoch 4/100, Duration: 0:00:20.583498, ['train_loss:50.7351 ', 'valid_loss:54.3979 ', 'train_R2:0.0609 ', 'valid_R2:0.1429 ', 'train_CORR:0.3617 ', 'valid_CORR:0.4246 ', 'train_RMSE:5.6711 ', 'valid_RMSE:5.1263 ', 'train_MAE:4.1103 ', 'valid_MAE:3.7232 ']
2024-04-25 20:14:21,575 - INFO - Epoch 5/100, Duration: 0:00:20.774810, ['train_loss:44.7109 ', 'valid_loss:48.5636 ', 'train_R2:0.1576 ', 'valid_R2:0.1692 ', 'train_CORR:0.3970 ', 'valid_CORR:0.4411 ', 'train_RMSE:5.3712 ', 'valid_RMSE:5.0471 ', 'train_MAE:3.9322 ', 'valid_MAE:3.7913 ']
2024-04-25 20:14:42,464 - INFO - Epoch 6/100, Duration: 0:00:20.888249, ['train_loss:41.5085 ', 'valid_loss:47.3737 ', 'train_R2:0.1842 ', 'valid_R2:0.1993 ', 'train_CORR:0.4337 ', 'valid_CORR:0.4505 ', 'train_RMSE:5.2855 ', 'valid_RMSE:4.9546 ', 'train_MAE:3.9052 ', 'valid_MAE:3.6480 ']
2024-04-25 20:15:03,602 - INFO - Epoch 7/100, Duration: 0:00:21.137630, ['train_loss:39.5967 ', 'valid_loss:46.1851 ', 'train_R2:0.1949 ', 'valid_R2:0.2041 ', 'train_CORR:0.4445 ', 'valid_CORR:0.4566 ', 'train_RMSE:5.2507 ', 'valid_RMSE:4.9397 ', 'train_MAE:3.8365 ', 'valid_MAE:3.6196 ']
2024-04-25 20:15:22,156 - INFO - Epoch 8/100, Duration: 0:00:18.553937, ['train_loss:38.6318 ', 'valid_loss:44.9274 ', 'train_R2:0.1969 ', 'valid_R2:0.2103 ', 'train_CORR:0.4462 ', 'valid_CORR:0.4596 ', 'train_RMSE:5.2444 ', 'valid_RMSE:4.9207 ', 'train_MAE:3.8330 ', 'valid_MAE:3.6115 ']
2024-04-25 20:15:40,438 - INFO - Epoch 9/100, Duration: 0:00:18.281694, ['train_loss:37.7586 ', 'valid_loss:43.9404 ', 'train_R2:0.2003 ', 'valid_R2:0.2128 ', 'train_CORR:0.4477 ', 'valid_CORR:0.4619 ', 'train_RMSE:5.2331 ', 'valid_RMSE:4.9128 ', 'train_MAE:3.8407 ', 'valid_MAE:3.6229 ']
2024-04-25 20:15:59,326 - INFO - Epoch 10/100, Duration: 0:00:18.887045, ['train_loss:37.1685 ', 'valid_loss:43.5763 ', 'train_R2:0.2048 ', 'valid_R2:0.2153 ', 'train_CORR:0.4527 ', 'valid_CORR:0.4658 ', 'train_RMSE:5.2184 ', 'valid_RMSE:4.9049 ', 'train_MAE:3.8399 ', 'valid_MAE:3.6045 ']
2024-04-25 20:16:17,802 - INFO - Epoch 11/100, Duration: 0:00:18.476533, ['train_loss:36.5675 ', 'valid_loss:42.5612 ', 'train_R2:0.2134 ', 'valid_R2:0.2423 ', 'train_CORR:0.4631 ', 'valid_CORR:0.4938 ', 'train_RMSE:5.1902 ', 'valid_RMSE:4.8199 ', 'train_MAE:3.8046 ', 'valid_MAE:3.5452 ']
2024-04-25 20:16:35,727 - INFO - Epoch 12/100, Duration: 0:00:17.923932, ['train_loss:35.2290 ', 'valid_loss:46.2410 ', 'train_R2:0.2535 ', 'valid_R2:0.1202 ', 'train_CORR:0.5044 ', 'valid_CORR:0.4969 ', 'train_RMSE:5.0562 ', 'valid_RMSE:5.1937 ', 'train_MAE:3.7112 ', 'valid_MAE:3.9509 ']
2024-04-25 20:16:53,591 - INFO - Epoch 13/100, Duration: 0:00:17.864712, ['train_loss:38.2416 ', 'valid_loss:43.3598 ', 'train_R2:0.1914 ', 'valid_R2:0.2595 ', 'train_CORR:0.4489 ', 'valid_CORR:0.5202 ', 'train_RMSE:5.2621 ', 'valid_RMSE:4.7648 ', 'train_MAE:3.8903 ', 'valid_MAE:3.4719 ']
2024-04-25 20:17:11,605 - INFO - Epoch 14/100, Duration: 0:00:18.013541, ['train_loss:36.0243 ', 'valid_loss:40.5253 ', 'train_R2:0.2531 ', 'valid_R2:0.3007 ', 'train_CORR:0.5125 ', 'valid_CORR:0.5507 ', 'train_RMSE:5.0575 ', 'valid_RMSE:4.6304 ', 'train_MAE:3.6826 ', 'valid_MAE:3.4342 ']
2024-04-25 20:17:30,610 - INFO - Epoch 15/100, Duration: 0:00:19.004187, ['train_loss:34.4561 ', 'valid_loss:39.7519 ', 'train_R2:0.2877 ', 'valid_R2:0.3050 ', 'train_CORR:0.5365 ', 'valid_CORR:0.5565 ', 'train_RMSE:4.9389 ', 'valid_RMSE:4.6160 ', 'train_MAE:3.6396 ', 'valid_MAE:3.4107 ']
2024-04-25 20:17:49,452 - INFO - Epoch 16/100, Duration: 0:00:18.842325, ['train_loss:33.6176 ', 'valid_loss:41.0975 ', 'train_R2:0.3082 ', 'valid_R2:0.2660 ', 'train_CORR:0.5552 ', 'valid_CORR:0.5181 ', 'train_RMSE:4.8675 ', 'valid_RMSE:4.7439 ', 'train_MAE:3.5845 ', 'valid_MAE:3.5083 ']
2024-04-25 20:18:07,412 - INFO - Epoch 17/100, Duration: 0:00:17.959080, ['train_loss:38.9042 ', 'valid_loss:47.1300 ', 'train_R2:0.1913 ', 'valid_R2:0.1705 ', 'train_CORR:0.4661 ', 'valid_CORR:0.4313 ', 'train_RMSE:5.2624 ', 'valid_RMSE:5.0430 ', 'train_MAE:3.9416 ', 'valid_MAE:3.7317 ']
2024-04-25 20:18:25,304 - INFO - Epoch 18/100, Duration: 0:00:17.892084, ['train_loss:37.6573 ', 'valid_loss:44.6110 ', 'train_R2:0.2291 ', 'valid_R2:0.2574 ', 'train_CORR:0.4844 ', 'valid_CORR:0.5301 ', 'train_RMSE:5.1380 ', 'valid_RMSE:4.7716 ', 'train_MAE:3.7495 ', 'valid_MAE:3.4735 ']
2024-04-25 20:18:43,208 - INFO - Epoch 19/100, Duration: 0:00:17.903674, ['train_loss:35.9583 ', 'valid_loss:41.0112 ', 'train_R2:0.2662 ', 'valid_R2:0.2882 ', 'train_CORR:0.5257 ', 'valid_CORR:0.5428 ', 'train_RMSE:5.0129 ', 'valid_RMSE:4.6717 ', 'train_MAE:3.6538 ', 'valid_MAE:3.4604 ']
2024-04-25 20:19:01,124 - INFO - Epoch 20/100, Duration: 0:00:17.916197, ['train_loss:34.9151 ', 'valid_loss:40.3887 ', 'train_R2:0.2783 ', 'valid_R2:0.3022 ', 'train_CORR:0.5279 ', 'valid_CORR:0.5562 ', 'train_RMSE:4.9715 ', 'valid_RMSE:4.6253 ', 'train_MAE:3.6669 ', 'valid_MAE:3.4006 ']
2024-04-25 20:19:19,022 - INFO - Epoch 21/100, Duration: 0:00:17.897310, ['train_loss:33.8454 ', 'valid_loss:38.7612 ', 'train_R2:0.2993 ', 'valid_R2:0.3300 ', 'train_CORR:0.5491 ', 'valid_CORR:0.5749 ', 'train_RMSE:4.8985 ', 'valid_RMSE:4.5324 ', 'train_MAE:3.5857 ', 'valid_MAE:3.3740 ']
2024-04-25 20:19:36,898 - INFO - Epoch 22/100, Duration: 0:00:17.875966, ['train_loss:34.2691 ', 'valid_loss:39.9919 ', 'train_R2:0.2884 ', 'valid_R2:0.2839 ', 'train_CORR:0.5387 ', 'valid_CORR:0.5516 ', 'train_RMSE:4.9365 ', 'valid_RMSE:4.6858 ', 'train_MAE:3.6523 ', 'valid_MAE:3.5066 ']
2024-04-25 20:19:54,765 - INFO - Epoch 23/100, Duration: 0:00:17.867164, ['train_loss:34.6106 ', 'valid_loss:38.9445 ', 'train_R2:0.2824 ', 'valid_R2:0.3330 ', 'train_CORR:0.5317 ', 'valid_CORR:0.5828 ', 'train_RMSE:4.9574 ', 'valid_RMSE:4.5221 ', 'train_MAE:3.6566 ', 'valid_MAE:3.3397 ']
2024-04-25 20:20:12,724 - INFO - Epoch 24/100, Duration: 0:00:17.958344, ['train_loss:33.8747 ', 'valid_loss:39.6549 ', 'train_R2:0.3074 ', 'valid_R2:0.3234 ', 'train_CORR:0.5562 ', 'valid_CORR:0.5717 ', 'train_RMSE:4.8701 ', 'valid_RMSE:4.5546 ', 'train_MAE:3.5675 ', 'valid_MAE:3.3563 ']
2024-04-25 20:20:30,666 - INFO - Epoch 25/100, Duration: 0:00:17.941941, ['train_loss:33.5733 ', 'valid_loss:38.0344 ', 'train_R2:0.3149 ', 'valid_R2:0.3473 ', 'train_CORR:0.5639 ', 'valid_CORR:0.5924 ', 'train_RMSE:4.8436 ', 'valid_RMSE:4.4734 ', 'train_MAE:3.5484 ', 'valid_MAE:3.2927 ']
2024-04-25 20:20:48,558 - INFO - Epoch 26/100, Duration: 0:00:17.891893, ['train_loss:32.7772 ', 'valid_loss:37.6604 ', 'train_R2:0.3330 ', 'valid_R2:0.3480 ', 'train_CORR:0.5777 ', 'valid_CORR:0.5926 ', 'train_RMSE:4.7793 ', 'valid_RMSE:4.4710 ', 'train_MAE:3.5219 ', 'valid_MAE:3.2975 ']
2024-04-25 20:21:06,413 - INFO - Epoch 27/100, Duration: 0:00:17.854323, ['train_loss:32.3722 ', 'valid_loss:37.5128 ', 'train_R2:0.3414 ', 'valid_R2:0.3498 ', 'train_CORR:0.5846 ', 'valid_CORR:0.5941 ', 'train_RMSE:4.7491 ', 'valid_RMSE:4.4650 ', 'train_MAE:3.5015 ', 'valid_MAE:3.2969 ']
2024-04-25 20:21:24,314 - INFO - Epoch 28/100, Duration: 0:00:17.901128, ['train_loss:32.7945 ', 'valid_loss:37.9947 ', 'train_R2:0.3298 ', 'valid_R2:0.3493 ', 'train_CORR:0.5745 ', 'valid_CORR:0.5918 ', 'train_RMSE:4.7907 ', 'valid_RMSE:4.4667 ', 'train_MAE:3.5374 ', 'valid_MAE:3.3091 ']
2024-04-25 20:21:42,182 - INFO - Epoch 29/100, Duration: 0:00:17.867577, ['train_loss:32.2987 ', 'valid_loss:38.7381 ', 'train_R2:0.3422 ', 'valid_R2:0.3234 ', 'train_CORR:0.5852 ', 'valid_CORR:0.5853 ', 'train_RMSE:4.7461 ', 'valid_RMSE:4.5545 ', 'train_MAE:3.5023 ', 'valid_MAE:3.3531 ']
2024-04-25 20:22:00,076 - INFO - Epoch 30/100, Duration: 0:00:17.893280, ['train_loss:31.8439 ', 'valid_loss:36.4966 ', 'train_R2:0.3517 ', 'valid_R2:0.3725 ', 'train_CORR:0.5937 ', 'valid_CORR:0.6112 ', 'train_RMSE:4.7118 ', 'valid_RMSE:4.3862 ', 'train_MAE:3.4714 ', 'valid_MAE:3.2602 ']
2024-04-25 20:22:17,954 - INFO - Epoch 31/100, Duration: 0:00:17.878306, ['train_loss:31.8730 ', 'valid_loss:37.0479 ', 'train_R2:0.3556 ', 'valid_R2:0.3582 ', 'train_CORR:0.5966 ', 'valid_CORR:0.6019 ', 'train_RMSE:4.6978 ', 'valid_RMSE:4.4360 ', 'train_MAE:3.4651 ', 'valid_MAE:3.3099 ']
2024-04-25 20:22:36,577 - INFO - Epoch 32/100, Duration: 0:00:18.622432, ['train_loss:32.1536 ', 'valid_loss:38.8500 ', 'train_R2:0.3451 ', 'valid_R2:0.3178 ', 'train_CORR:0.5880 ', 'valid_CORR:0.5731 ', 'train_RMSE:4.7359 ', 'valid_RMSE:4.5733 ', 'train_MAE:3.5126 ', 'valid_MAE:3.3896 ']
2024-04-25 20:22:55,452 - INFO - Epoch 33/100, Duration: 0:00:18.874661, ['train_loss:31.6170 ', 'valid_loss:36.3642 ', 'train_R2:0.3585 ', 'valid_R2:0.3727 ', 'train_CORR:0.5995 ', 'valid_CORR:0.6159 ', 'train_RMSE:4.6873 ', 'valid_RMSE:4.3854 ', 'train_MAE:3.4662 ', 'valid_MAE:3.2642 ']
2024-04-25 20:23:13,648 - INFO - Epoch 34/100, Duration: 0:00:18.195569, ['train_loss:31.4531 ', 'valid_loss:36.5308 ', 'train_R2:0.3658 ', 'valid_R2:0.3728 ', 'train_CORR:0.6049 ', 'valid_CORR:0.6136 ', 'train_RMSE:4.6604 ', 'valid_RMSE:4.3852 ', 'train_MAE:3.4409 ', 'valid_MAE:3.2647 ']
2024-04-25 20:23:31,560 - INFO - Epoch 35/100, Duration: 0:00:17.912698, ['train_loss:31.4008 ', 'valid_loss:37.0424 ', 'train_R2:0.3648 ', 'valid_R2:0.3605 ', 'train_CORR:0.6040 ', 'valid_CORR:0.6020 ', 'train_RMSE:4.6641 ', 'valid_RMSE:4.4279 ', 'train_MAE:3.4492 ', 'valid_MAE:3.3012 ']
2024-04-25 20:23:49,426 - INFO - Epoch 36/100, Duration: 0:00:17.865736, ['train_loss:32.9631 ', 'valid_loss:39.3237 ', 'train_R2:0.3251 ', 'valid_R2:0.3226 ', 'train_CORR:0.5732 ', 'valid_CORR:0.5986 ', 'train_RMSE:4.8074 ', 'valid_RMSE:4.5574 ', 'train_MAE:3.5792 ', 'valid_MAE:3.3526 ']
2024-04-25 20:24:07,350 - INFO - Epoch 37/100, Duration: 0:00:17.923336, ['train_loss:32.6624 ', 'valid_loss:41.1269 ', 'train_R2:0.3348 ', 'valid_R2:0.2908 ', 'train_CORR:0.5786 ', 'valid_CORR:0.5994 ', 'train_RMSE:4.7729 ', 'valid_RMSE:4.6631 ', 'train_MAE:3.5273 ', 'valid_MAE:3.4083 ']
2024-04-25 20:24:25,226 - INFO - Epoch 38/100, Duration: 0:00:17.875579, ['train_loss:32.7741 ', 'valid_loss:38.9719 ', 'train_R2:0.3355 ', 'valid_R2:0.3221 ', 'train_CORR:0.5797 ', 'valid_CORR:0.5834 ', 'train_RMSE:4.7703 ', 'valid_RMSE:4.5591 ', 'train_MAE:3.5297 ', 'valid_MAE:3.3676 ']
2024-04-25 20:24:43,143 - INFO - Epoch 39/100, Duration: 0:00:17.916805, ['train_loss:32.0923 ', 'valid_loss:38.1204 ', 'train_R2:0.3541 ', 'valid_R2:0.3471 ', 'train_CORR:0.5966 ', 'valid_CORR:0.5952 ', 'train_RMSE:4.7032 ', 'valid_RMSE:4.4740 ', 'train_MAE:3.4777 ', 'valid_MAE:3.2963 ']
2024-04-25 20:25:01,077 - INFO - Epoch 40/100, Duration: 0:00:17.933870, ['train_loss:31.7573 ', 'valid_loss:36.3368 ', 'train_R2:0.3610 ', 'valid_R2:0.3813 ', 'train_CORR:0.6018 ', 'valid_CORR:0.6186 ', 'train_RMSE:4.6781 ', 'valid_RMSE:4.3553 ', 'train_MAE:3.4516 ', 'valid_MAE:3.2356 ']
2024-04-25 20:25:18,987 - INFO - Epoch 41/100, Duration: 0:00:17.910224, ['train_loss:31.1354 ', 'valid_loss:37.1604 ', 'train_R2:0.3762 ', 'valid_R2:0.3479 ', 'train_CORR:0.6136 ', 'valid_CORR:0.6066 ', 'train_RMSE:4.6220 ', 'valid_RMSE:4.4714 ', 'train_MAE:3.4284 ', 'valid_MAE:3.3593 ']
2024-04-25 20:25:36,996 - INFO - Epoch 42/100, Duration: 0:00:18.008668, ['train_loss:30.8620 ', 'valid_loss:38.5263 ', 'train_R2:0.3790 ', 'valid_R2:0.3188 ', 'train_CORR:0.6157 ', 'valid_CORR:0.5731 ', 'train_RMSE:4.6116 ', 'valid_RMSE:4.5702 ', 'train_MAE:3.4267 ', 'valid_MAE:3.3967 ']
2024-04-25 20:25:54,893 - INFO - Epoch 43/100, Duration: 0:00:17.896398, ['train_loss:32.0021 ', 'valid_loss:36.5759 ', 'train_R2:0.3483 ', 'valid_R2:0.3729 ', 'train_CORR:0.5910 ', 'valid_CORR:0.6204 ', 'train_RMSE:4.7241 ', 'valid_RMSE:4.3849 ', 'train_MAE:3.5225 ', 'valid_MAE:3.2420 ']
2024-04-25 20:26:13,265 - INFO - Epoch 44/100, Duration: 0:00:18.371937, ['train_loss:30.7518 ', 'valid_loss:35.7935 ', 'train_R2:0.3843 ', 'valid_R2:0.3850 ', 'train_CORR:0.6221 ', 'valid_CORR:0.6230 ', 'train_RMSE:4.5919 ', 'valid_RMSE:4.3422 ', 'train_MAE:3.4069 ', 'valid_MAE:3.2293 ']
2024-04-25 20:26:32,245 - INFO - Epoch 45/100, Duration: 0:00:18.979540, ['train_loss:31.3604 ', 'valid_loss:36.6934 ', 'train_R2:0.3667 ', 'valid_R2:0.3654 ', 'train_CORR:0.6057 ', 'valid_CORR:0.6081 ', 'train_RMSE:4.6572 ', 'valid_RMSE:4.4108 ', 'train_MAE:3.4690 ', 'valid_MAE:3.2951 ']
2024-04-25 20:26:50,615 - INFO - Epoch 46/100, Duration: 0:00:18.370082, ['train_loss:31.4103 ', 'valid_loss:37.5391 ', 'train_R2:0.3649 ', 'valid_R2:0.3578 ', 'train_CORR:0.6046 ', 'valid_CORR:0.6174 ', 'train_RMSE:4.6638 ', 'valid_RMSE:4.4374 ', 'train_MAE:3.4706 ', 'valid_MAE:3.2912 ']
2024-04-25 20:27:08,550 - INFO - Epoch 47/100, Duration: 0:00:17.933911, ['train_loss:30.8952 ', 'valid_loss:36.5078 ', 'train_R2:0.3792 ', 'valid_R2:0.3771 ', 'train_CORR:0.6170 ', 'valid_CORR:0.6203 ', 'train_RMSE:4.6110 ', 'valid_RMSE:4.3703 ', 'train_MAE:3.4311 ', 'valid_MAE:3.2517 ']
2024-04-25 20:27:26,499 - INFO - Epoch 48/100, Duration: 0:00:17.949314, ['train_loss:30.5753 ', 'valid_loss:36.1109 ', 'train_R2:0.3871 ', 'valid_R2:0.3836 ', 'train_CORR:0.6224 ', 'valid_CORR:0.6205 ', 'train_RMSE:4.5814 ', 'valid_RMSE:4.3474 ', 'train_MAE:3.4093 ', 'valid_MAE:3.2376 ']
2024-04-25 20:27:44,391 - INFO - Epoch 49/100, Duration: 0:00:17.891354, ['train_loss:30.4924 ', 'valid_loss:35.7042 ', 'train_R2:0.3892 ', 'valid_R2:0.3867 ', 'train_CORR:0.6243 ', 'valid_CORR:0.6247 ', 'train_RMSE:4.5737 ', 'valid_RMSE:4.3364 ', 'train_MAE:3.4063 ', 'valid_MAE:3.2423 ']
2024-04-25 20:28:02,382 - INFO - Epoch 50/100, Duration: 0:00:17.991615, ['train_loss:31.8113 ', 'valid_loss:38.9146 ', 'train_R2:0.3551 ', 'valid_R2:0.3067 ', 'train_CORR:0.5978 ', 'valid_CORR:0.5685 ', 'train_RMSE:4.6996 ', 'valid_RMSE:4.6105 ', 'train_MAE:3.5045 ', 'valid_MAE:3.4634 ']
2024-04-25 20:28:20,571 - INFO - Epoch 51/100, Duration: 0:00:18.187806, ['train_loss:33.5873 ', 'valid_loss:38.5967 ', 'train_R2:0.3057 ', 'valid_R2:0.3409 ', 'train_CORR:0.5532 ', 'valid_CORR:0.5843 ', 'train_RMSE:4.8761 ', 'valid_RMSE:4.4954 ', 'train_MAE:3.6036 ', 'valid_MAE:3.3409 ']
2024-04-25 20:28:39,381 - INFO - Epoch 52/100, Duration: 0:00:18.809711, ['train_loss:33.3234 ', 'valid_loss:37.9500 ', 'train_R2:0.3249 ', 'valid_R2:0.3480 ', 'train_CORR:0.5724 ', 'valid_CORR:0.5909 ', 'train_RMSE:4.8084 ', 'valid_RMSE:4.4709 ', 'train_MAE:3.5364 ', 'valid_MAE:3.3086 ']
2024-04-25 20:28:58,334 - INFO - Epoch 53/100, Duration: 0:00:18.953444, ['train_loss:32.2498 ', 'valid_loss:36.5814 ', 'train_R2:0.3493 ', 'valid_R2:0.3676 ', 'train_CORR:0.5921 ', 'valid_CORR:0.6064 ', 'train_RMSE:4.7205 ', 'valid_RMSE:4.4033 ', 'train_MAE:3.4825 ', 'valid_MAE:3.2735 ']
2024-04-25 20:29:16,478 - INFO - Epoch 54/100, Duration: 0:00:18.143129, ['train_loss:31.7441 ', 'valid_loss:38.9539 ', 'train_R2:0.3551 ', 'valid_R2:0.3174 ', 'train_CORR:0.5960 ', 'valid_CORR:0.5788 ', 'train_RMSE:4.6995 ', 'valid_RMSE:4.5746 ', 'train_MAE:3.4748 ', 'valid_MAE:3.3614 ']
2024-04-25 20:29:34,662 - INFO - Epoch 55/100, Duration: 0:00:18.183555, ['train_loss:31.8175 ', 'valid_loss:36.3406 ', 'train_R2:0.3549 ', 'valid_R2:0.3558 ', 'train_CORR:0.5963 ', 'valid_CORR:0.6104 ', 'train_RMSE:4.7002 ', 'valid_RMSE:4.4444 ', 'train_MAE:3.4817 ', 'valid_MAE:3.3227 ']
2024-04-25 20:29:53,022 - INFO - Epoch 56/100, Duration: 0:00:18.359866, ['train_loss:31.3544 ', 'valid_loss:37.4127 ', 'train_R2:0.3638 ', 'valid_R2:0.3461 ', 'train_CORR:0.6037 ', 'valid_CORR:0.5998 ', 'train_RMSE:4.6675 ', 'valid_RMSE:4.4777 ', 'train_MAE:3.4567 ', 'valid_MAE:3.3312 ']
2024-04-25 20:30:11,258 - INFO - Epoch 57/100, Duration: 0:00:18.236300, ['train_loss:30.8875 ', 'valid_loss:35.7658 ', 'train_R2:0.3771 ', 'valid_R2:0.3760 ', 'train_CORR:0.6141 ', 'valid_CORR:0.6192 ', 'train_RMSE:4.6187 ', 'valid_RMSE:4.3741 ', 'train_MAE:3.4336 ', 'valid_MAE:3.2719 ']
2024-04-25 20:30:29,201 - INFO - Epoch 58/100, Duration: 0:00:17.942726, ['train_loss:30.8503 ', 'valid_loss:36.0974 ', 'train_R2:0.3792 ', 'valid_R2:0.3832 ', 'train_CORR:0.6158 ', 'valid_CORR:0.6216 ', 'train_RMSE:4.6107 ', 'valid_RMSE:4.3488 ', 'train_MAE:3.4284 ', 'valid_MAE:3.2274 ']
2024-04-25 20:30:47,126 - INFO - Epoch 59/100, Duration: 0:00:17.925014, ['train_loss:30.4630 ', 'valid_loss:37.2960 ', 'train_R2:0.3879 ', 'valid_R2:0.3428 ', 'train_CORR:0.6230 ', 'valid_CORR:0.6017 ', 'train_RMSE:4.5783 ', 'valid_RMSE:4.4887 ', 'train_MAE:3.4093 ', 'valid_MAE:3.3596 ']
2024-04-25 20:31:05,035 - INFO - Epoch 60/100, Duration: 0:00:17.908573, ['train_loss:31.7272 ', 'valid_loss:38.5862 ', 'train_R2:0.3569 ', 'valid_R2:0.3169 ', 'train_CORR:0.5983 ', 'valid_CORR:0.5653 ', 'train_RMSE:4.6931 ', 'valid_RMSE:4.5766 ', 'train_MAE:3.4985 ', 'valid_MAE:3.3946 ']
2024-04-25 20:31:22,941 - INFO - Epoch 61/100, Duration: 0:00:17.905745, ['train_loss:31.1675 ', 'valid_loss:36.2257 ', 'train_R2:0.3693 ', 'valid_R2:0.3804 ', 'train_CORR:0.6080 ', 'valid_CORR:0.6197 ', 'train_RMSE:4.6475 ', 'valid_RMSE:4.3584 ', 'train_MAE:3.4542 ', 'valid_MAE:3.2497 ']
2024-04-25 20:31:41,575 - INFO - Epoch 62/100, Duration: 0:00:18.633576, ['train_loss:30.7630 ', 'valid_loss:35.9741 ', 'train_R2:0.3838 ', 'valid_R2:0.3841 ', 'train_CORR:0.6197 ', 'valid_CORR:0.6206 ', 'train_RMSE:4.5937 ', 'valid_RMSE:4.3455 ', 'train_MAE:3.4256 ', 'valid_MAE:3.2383 ']
2024-04-25 20:32:00,528 - INFO - Epoch 63/100, Duration: 0:00:18.952425, ['train_loss:30.5076 ', 'valid_loss:36.1194 ', 'train_R2:0.3908 ', 'valid_R2:0.3843 ', 'train_CORR:0.6254 ', 'valid_CORR:0.6236 ', 'train_RMSE:4.5677 ', 'valid_RMSE:4.3449 ', 'train_MAE:3.4069 ', 'valid_MAE:3.2241 ']
2024-04-25 20:32:18,875 - INFO - Epoch 64/100, Duration: 0:00:18.347290, ['train_loss:30.4067 ', 'valid_loss:36.5529 ', 'train_R2:0.3909 ', 'valid_R2:0.3677 ', 'train_CORR:0.6253 ', 'valid_CORR:0.6168 ', 'train_RMSE:4.5671 ', 'valid_RMSE:4.4028 ', 'train_MAE:3.4103 ', 'valid_MAE:3.2680 ']
2024-04-25 20:32:36,708 - INFO - Epoch 65/100, Duration: 0:00:17.832667, ['train_loss:30.3451 ', 'valid_loss:35.4063 ', 'train_R2:0.3913 ', 'valid_R2:0.3818 ', 'train_CORR:0.6267 ', 'valid_CORR:0.6228 ', 'train_RMSE:4.5656 ', 'valid_RMSE:4.3537 ', 'train_MAE:3.4026 ', 'valid_MAE:3.2507 ']
2024-04-25 20:32:54,542 - INFO - Epoch 66/100, Duration: 0:00:17.833335, ['train_loss:31.3838 ', 'valid_loss:37.2964 ', 'train_R2:0.3634 ', 'valid_R2:0.3588 ', 'train_CORR:0.6053 ', 'valid_CORR:0.5995 ', 'train_RMSE:4.6690 ', 'valid_RMSE:4.4338 ', 'train_MAE:3.5038 ', 'valid_MAE:3.3022 ']
2024-04-25 20:33:12,366 - INFO - Epoch 67/100, Duration: 0:00:17.823562, ['train_loss:31.4234 ', 'valid_loss:36.4537 ', 'train_R2:0.3653 ', 'valid_R2:0.3825 ', 'train_CORR:0.6048 ', 'valid_CORR:0.6214 ', 'train_RMSE:4.6620 ', 'valid_RMSE:4.3512 ', 'train_MAE:3.4696 ', 'valid_MAE:3.2284 ']
2024-04-25 20:33:30,359 - INFO - Epoch 68/100, Duration: 0:00:17.993100, ['train_loss:30.8051 ', 'valid_loss:36.5318 ', 'train_R2:0.3860 ', 'valid_R2:0.3796 ', 'train_CORR:0.6215 ', 'valid_CORR:0.6219 ', 'train_RMSE:4.5857 ', 'valid_RMSE:4.3614 ', 'train_MAE:3.4261 ', 'valid_MAE:3.2307 ']
2024-04-25 20:33:49,335 - INFO - Epoch 69/100, Duration: 0:00:18.976105, ['train_loss:30.3633 ', 'valid_loss:37.9397 ', 'train_R2:0.3939 ', 'valid_R2:0.3396 ', 'train_CORR:0.6286 ', 'valid_CORR:0.6023 ', 'train_RMSE:4.5559 ', 'valid_RMSE:4.4998 ', 'train_MAE:3.3950 ', 'valid_MAE:3.3190 ']
2024-04-25 20:34:08,319 - INFO - Epoch 70/100, Duration: 0:00:18.983204, ['train_loss:30.2604 ', 'valid_loss:35.6422 ', 'train_R2:0.3924 ', 'valid_R2:0.3916 ', 'train_CORR:0.6272 ', 'valid_CORR:0.6265 ', 'train_RMSE:4.5615 ', 'valid_RMSE:4.3188 ', 'train_MAE:3.4129 ', 'valid_MAE:3.2096 ']
2024-04-25 20:34:26,318 - INFO - Epoch 71/100, Duration: 0:00:17.998842, ['train_loss:29.8563 ', 'valid_loss:38.4056 ', 'train_R2:0.4037 ', 'valid_R2:0.3011 ', 'train_CORR:0.6354 ', 'valid_CORR:0.5577 ', 'train_RMSE:4.5189 ', 'valid_RMSE:4.6291 ', 'train_MAE:3.3855 ', 'valid_MAE:3.4310 ']
2024-04-25 20:34:44,205 - INFO - Epoch 72/100, Duration: 0:00:17.887164, ['train_loss:32.9776 ', 'valid_loss:39.0907 ', 'train_R2:0.3292 ', 'valid_R2:0.3158 ', 'train_CORR:0.5754 ', 'valid_CORR:0.5620 ', 'train_RMSE:4.7930 ', 'valid_RMSE:4.5802 ', 'train_MAE:3.5848 ', 'valid_MAE:3.3814 ']
2024-04-25 20:35:02,166 - INFO - Epoch 73/100, Duration: 0:00:17.960219, ['train_loss:31.7970 ', 'valid_loss:37.6840 ', 'train_R2:0.3601 ', 'valid_R2:0.3526 ', 'train_CORR:0.6005 ', 'valid_CORR:0.5985 ', 'train_RMSE:4.6811 ', 'valid_RMSE:4.4552 ', 'train_MAE:3.4862 ', 'valid_MAE:3.3104 ']
2024-04-25 20:35:20,059 - INFO - Epoch 74/100, Duration: 0:00:17.892991, ['train_loss:30.7443 ', 'valid_loss:36.5502 ', 'train_R2:0.3859 ', 'valid_R2:0.3728 ', 'train_CORR:0.6214 ', 'valid_CORR:0.6175 ', 'train_RMSE:4.5861 ', 'valid_RMSE:4.3850 ', 'train_MAE:3.4252 ', 'valid_MAE:3.2411 ']
2024-04-25 20:35:37,977 - INFO - Epoch 75/100, Duration: 0:00:17.918137, ['train_loss:30.4954 ', 'valid_loss:36.7252 ', 'train_R2:0.3911 ', 'valid_R2:0.3692 ', 'train_CORR:0.6258 ', 'valid_CORR:0.6204 ', 'train_RMSE:4.5666 ', 'valid_RMSE:4.3977 ', 'train_MAE:3.4051 ', 'valid_MAE:3.2747 ']
2024-04-25 20:35:55,917 - INFO - Epoch 76/100, Duration: 0:00:17.939404, ['train_loss:29.9057 ', 'valid_loss:36.3461 ', 'train_R2:0.4008 ', 'valid_R2:0.3691 ', 'train_CORR:0.6333 ', 'valid_CORR:0.6108 ', 'train_RMSE:4.5298 ', 'valid_RMSE:4.3981 ', 'train_MAE:3.3926 ', 'valid_MAE:3.2771 ']
2024-04-25 20:36:13,848 - INFO - Epoch 77/100, Duration: 0:00:17.930911, ['train_loss:30.2219 ', 'valid_loss:38.6554 ', 'train_R2:0.3937 ', 'valid_R2:0.3277 ', 'train_CORR:0.6275 ', 'valid_CORR:0.5936 ', 'train_RMSE:4.5568 ', 'valid_RMSE:4.5400 ', 'train_MAE:3.4133 ', 'valid_MAE:3.3631 ']
2024-04-25 20:36:31,767 - INFO - Epoch 78/100, Duration: 0:00:17.918385, ['train_loss:30.5318 ', 'valid_loss:36.1482 ', 'train_R2:0.3835 ', 'valid_R2:0.3850 ', 'train_CORR:0.6197 ', 'valid_CORR:0.6225 ', 'train_RMSE:4.5947 ', 'valid_RMSE:4.3424 ', 'train_MAE:3.4336 ', 'valid_MAE:3.2133 ']
2024-04-25 20:36:49,721 - INFO - Epoch 79/100, Duration: 0:00:17.953817, ['train_loss:30.5859 ', 'valid_loss:35.8541 ', 'train_R2:0.3854 ', 'valid_R2:0.3787 ', 'train_CORR:0.6208 ', 'valid_CORR:0.6166 ', 'train_RMSE:4.5879 ', 'valid_RMSE:4.3646 ', 'train_MAE:3.4385 ', 'valid_MAE:3.2513 ']
2024-04-25 20:37:07,680 - INFO - Epoch 80/100, Duration: 0:00:17.958757, ['train_loss:30.2577 ', 'valid_loss:36.5765 ', 'train_R2:0.3921 ', 'valid_R2:0.3578 ', 'train_CORR:0.6264 ', 'valid_CORR:0.5985 ', 'train_RMSE:4.5627 ', 'valid_RMSE:4.4373 ', 'train_MAE:3.4117 ', 'valid_MAE:3.2982 ']
2024-04-25 20:37:25,646 - INFO - Epoch 81/100, Duration: 0:00:17.965526, ['train_loss:30.0497 ', 'valid_loss:35.5677 ', 'train_R2:0.3987 ', 'valid_R2:0.3891 ', 'train_CORR:0.6317 ', 'valid_CORR:0.6272 ', 'train_RMSE:4.5377 ', 'valid_RMSE:4.3277 ', 'train_MAE:3.4058 ', 'valid_MAE:3.2169 ']
2024-04-25 20:37:43,560 - INFO - Epoch 82/100, Duration: 0:00:17.914377, ['train_loss:29.7315 ', 'valid_loss:37.2352 ', 'train_R2:0.4030 ', 'valid_R2:0.3487 ', 'train_CORR:0.6349 ', 'valid_CORR:0.6030 ', 'train_RMSE:4.5217 ', 'valid_RMSE:4.4686 ', 'train_MAE:3.3909 ', 'valid_MAE:3.2958 ']
2024-04-25 20:38:01,531 - INFO - Epoch 83/100, Duration: 0:00:17.970221, ['train_loss:29.9086 ', 'valid_loss:36.1320 ', 'train_R2:0.4014 ', 'valid_R2:0.3812 ', 'train_CORR:0.6337 ', 'valid_CORR:0.6193 ', 'train_RMSE:4.5276 ', 'valid_RMSE:4.3558 ', 'train_MAE:3.4008 ', 'valid_MAE:3.2306 ']
2024-04-25 20:38:19,492 - INFO - Epoch 84/100, Duration: 0:00:17.961272, ['train_loss:29.7296 ', 'valid_loss:35.8835 ', 'train_R2:0.4053 ', 'valid_R2:0.3849 ', 'train_CORR:0.6369 ', 'valid_CORR:0.6239 ', 'train_RMSE:4.5129 ', 'valid_RMSE:4.3427 ', 'train_MAE:3.3831 ', 'valid_MAE:3.2203 ']
2024-04-25 20:38:37,916 - INFO - Epoch 85/100, Duration: 0:00:18.424039, ['train_loss:29.6303 ', 'valid_loss:35.5663 ', 'train_R2:0.4070 ', 'valid_R2:0.3862 ', 'train_CORR:0.6380 ', 'valid_CORR:0.6272 ', 'train_RMSE:4.5063 ', 'valid_RMSE:4.3381 ', 'train_MAE:3.3838 ', 'valid_MAE:3.2083 ']
2024-04-25 20:38:58,334 - INFO - Epoch 86/100, Duration: 0:00:20.417179, ['train_loss:29.6095 ', 'valid_loss:35.2822 ', 'train_R2:0.4043 ', 'valid_R2:0.3927 ', 'train_CORR:0.6382 ', 'valid_CORR:0.6271 ', 'train_RMSE:4.5166 ', 'valid_RMSE:4.3152 ', 'train_MAE:3.3669 ', 'valid_MAE:3.2104 ']
2024-04-25 20:39:19,980 - INFO - Epoch 87/100, Duration: 0:00:21.644626, ['train_loss:29.5239 ', 'valid_loss:40.5219 ', 'train_R2:0.4088 ', 'valid_R2:0.2736 ', 'train_CORR:0.6395 ', 'valid_CORR:0.5639 ', 'train_RMSE:4.4994 ', 'valid_RMSE:4.7191 ', 'train_MAE:3.3785 ', 'valid_MAE:3.5196 ']
2024-04-25 20:39:41,032 - INFO - Epoch 88/100, Duration: 0:00:21.047637, ['train_loss:33.0852 ', 'valid_loss:37.1193 ', 'train_R2:0.3200 ', 'valid_R2:0.3543 ', 'train_CORR:0.5691 ', 'valid_CORR:0.6040 ', 'train_RMSE:4.8257 ', 'valid_RMSE:4.4495 ', 'train_MAE:3.6148 ', 'valid_MAE:3.2880 ']
2024-04-25 20:40:01,679 - INFO - Epoch 89/100, Duration: 0:00:20.645726, ['train_loss:31.0196 ', 'valid_loss:37.1552 ', 'train_R2:0.3795 ', 'valid_R2:0.3691 ', 'train_CORR:0.6164 ', 'valid_CORR:0.6095 ', 'train_RMSE:4.6099 ', 'valid_RMSE:4.3980 ', 'train_MAE:3.4619 ', 'valid_MAE:3.2631 ']
2024-04-25 20:40:22,533 - INFO - Epoch 90/100, Duration: 0:00:20.854405, ['train_loss:30.1662 ', 'valid_loss:36.3725 ', 'train_R2:0.3998 ', 'valid_R2:0.3798 ', 'train_CORR:0.6326 ', 'valid_CORR:0.6205 ', 'train_RMSE:4.5338 ', 'valid_RMSE:4.3606 ', 'train_MAE:3.4034 ', 'valid_MAE:3.2326 ']
2024-04-25 20:40:43,282 - INFO - Epoch 91/100, Duration: 0:00:20.748024, ['train_loss:29.6307 ', 'valid_loss:35.6726 ', 'train_R2:0.4076 ', 'valid_R2:0.3907 ', 'train_CORR:0.6385 ', 'valid_CORR:0.6294 ', 'train_RMSE:4.5042 ', 'valid_RMSE:4.3220 ', 'train_MAE:3.3835 ', 'valid_MAE:3.2035 ']
2024-04-25 20:41:04,339 - INFO - Epoch 92/100, Duration: 0:00:21.056665, ['train_loss:30.1103 ', 'valid_loss:35.9260 ', 'train_R2:0.3948 ', 'valid_R2:0.3872 ', 'train_CORR:0.6284 ', 'valid_CORR:0.6226 ', 'train_RMSE:4.5526 ', 'valid_RMSE:4.3344 ', 'train_MAE:3.4198 ', 'valid_MAE:3.2246 ']
2024-04-25 20:41:25,084 - INFO - Epoch 93/100, Duration: 0:00:20.745397, ['train_loss:29.6528 ', 'valid_loss:36.1432 ', 'train_R2:0.4100 ', 'valid_R2:0.3789 ', 'train_CORR:0.6404 ', 'valid_CORR:0.6252 ', 'train_RMSE:4.4949 ', 'valid_RMSE:4.3640 ', 'train_MAE:3.3758 ', 'valid_MAE:3.2382 ']
2024-04-25 20:41:45,890 - INFO - Epoch 94/100, Duration: 0:00:20.805394, ['train_loss:29.4252 ', 'valid_loss:37.5483 ', 'train_R2:0.4158 ', 'valid_R2:0.3442 ', 'train_CORR:0.6452 ', 'valid_CORR:0.5996 ', 'train_RMSE:4.4730 ', 'valid_RMSE:4.4839 ', 'train_MAE:3.3678 ', 'valid_MAE:3.3444 ']
2024-04-25 20:42:06,470 - INFO - Epoch 95/100, Duration: 0:00:20.580038, ['train_loss:30.5712 ', 'valid_loss:36.0945 ', 'train_R2:0.3842 ', 'valid_R2:0.3804 ', 'train_CORR:0.6199 ', 'valid_CORR:0.6180 ', 'train_RMSE:4.5924 ', 'valid_RMSE:4.3587 ', 'train_MAE:3.4549 ', 'valid_MAE:3.2464 ']
2024-04-25 20:42:26,828 - INFO - Epoch 96/100, Duration: 0:00:20.357206, ['train_loss:29.9397 ', 'valid_loss:35.9693 ', 'train_R2:0.4035 ', 'valid_R2:0.3846 ', 'train_CORR:0.6352 ', 'valid_CORR:0.6225 ', 'train_RMSE:4.5196 ', 'valid_RMSE:4.3436 ', 'train_MAE:3.3985 ', 'valid_MAE:3.2453 ']
2024-04-25 20:42:47,230 - INFO - Epoch 97/100, Duration: 0:00:20.401928, ['train_loss:29.5674 ', 'valid_loss:36.0709 ', 'train_R2:0.4141 ', 'valid_R2:0.3794 ', 'train_CORR:0.6436 ', 'valid_CORR:0.6231 ', 'train_RMSE:4.4793 ', 'valid_RMSE:4.3620 ', 'train_MAE:3.3705 ', 'valid_MAE:3.2365 ']
2024-04-25 20:43:08,207 - INFO - Epoch 98/100, Duration: 0:00:20.976416, ['train_loss:29.1274 ', 'valid_loss:35.3306 ', 'train_R2:0.4209 ', 'valid_R2:0.3975 ', 'train_CORR:0.6500 ', 'valid_CORR:0.6315 ', 'train_RMSE:4.4532 ', 'valid_RMSE:4.2979 ', 'train_MAE:3.3444 ', 'valid_MAE:3.2044 ']
2024-04-25 20:43:28,981 - INFO - Epoch 99/100, Duration: 0:00:20.774009, ['train_loss:28.9292 ', 'valid_loss:35.8533 ', 'train_R2:0.4241 ', 'valid_R2:0.3840 ', 'train_CORR:0.6513 ', 'valid_CORR:0.6208 ', 'train_RMSE:4.4411 ', 'valid_RMSE:4.3457 ', 'train_MAE:3.3515 ', 'valid_MAE:3.2333 ']
2024-04-25 20:43:49,710 - INFO - Epoch 100/100, Duration: 0:00:20.728605, ['train_loss:30.0788 ', 'valid_loss:35.8436 ', 'train_R2:0.3963 ', 'valid_R2:0.3893 ', 'train_CORR:0.6297 ', 'valid_CORR:0.6275 ', 'train_RMSE:4.5469 ', 'valid_RMSE:4.3271 ', 'train_MAE:3.4261 ', 'valid_MAE:3.2169 ']
2024-04-25 20:43:50,223 - INFO - ***************** TRAINING OVER ! *****************

2024-04-25 20:43:50,303 - INFO - ***************** RUN PRED MODEL: `MgRL_CE`, DATASET: `lob` ! *****************
2024-04-25 20:43:50,303 - INFO - ***************** In device cuda   *****************
2024-04-25 20:43:50,303 - INFO - ***************** BEGIN MAKE DATASET & DATALOADER of `lob` !! *****************
2024-04-25 20:43:50,303 - INFO - ||| time_steps = 5, batch size = 8192 |||
2024-04-25 20:43:50,303 - INFO - **** TEST DATASET & DATALOADER ****
2024-04-25 20:43:52,611 - INFO - ***************** DATASET MAKE OVER ! *****************
2024-04-25 20:43:52,611 - INFO - Test dataset: length = 10560
2024-04-25 20:43:52,620 - INFO - ***************** LOAD BEST MODEL exp_lob/rs_114154/trained_models/MgRL_CE_model_pytorch_epoch_97 *****************
2024-04-25 20:43:56,946 - INFO - ******** test_R2 : 0.4038282813532271 **********
2024-04-25 20:43:56,946 - INFO - ******** test_CORR : 0.6357834377781195 **********
2024-04-25 20:43:56,946 - INFO - ******** test_RMSE : 3.6624162197113037 **********
2024-04-25 20:43:56,946 - INFO - ******** test_MAE : 2.8306190967559814 **********
2024-04-25 20:43:56,946 - INFO - ***************** TEST OVER ! *****************

